<?xml version="1.0" encoding="UTF-8"?>
<!-- Generated by org.testng.reporters.JUnitReportReporter -->
<testsuite hostname="INL-FCNZG63" failures="0" tests="10" name="tests.TestMain" time="14.299" errors="0" timestamp="2024-04-05T13:26:31 IST" skipped="0">
  <testcase classname="tests.TestMain" name="createUserTest" time="3.696"/>
  <testcase classname="tests.TestMain" name="getUserData" time="0.819"/>
  <testcase classname="tests.TestMain" name="fetchUserData" time="1.228"/>
  <testcase classname="tests.TestMain" name="updateUser" time="1.157"/>
  <testcase classname="tests.TestMain" name="patchUser" time="1.148"/>
  <testcase classname="tests.TestMain" name="deleteUser" time="0.755"/>
  <testcase classname="tests.TestMain" name="createInvalidUser" time="1.678"/>
  <testcase classname="tests.TestMain" name="deleteNonExistentUser" time="1.393"/>
  <testcase classname="tests.TestMain" name="invalidEndPoints" time="1.288"/>
  <testcase classname="tests.TestMain" name="invalidToken" time="1.137"/>
</testsuite> <!-- tests.TestMain -->
